<?xml version="1.0" encoding="utf-8"?><testsuites name="pytest tests"><testsuite name="pytest" errors="0" failures="0" skipped="0" tests="20" time="4.525" timestamp="2026-04-22T16:50:11.810708+00:00" hostname="agent-env-07afe7bd-f8a0-4924-a9c5-516f1ce87c07"><testcase classname="backend.tests.test_ridewell_backend.TestAuth" name="test_admin_login" time="0.445" /><testcase classname="backend.tests.test_ridewell_backend.TestAuth" name="test_trainer_login" time="0.346" /><testcase classname="backend.tests.test_ridewell_backend.TestAuth" name="test_login_invalid" time="0.124" /><testcase classname="backend.tests.test_ridewell_backend.TestAuth" name="test_me_admin" time="0.113" /><testcase classname="backend.tests.test_ridewell_backend.TestAuth" name="test_me_unauth" time="0.124" /><testcase classname="backend.tests.test_ridewell_backend.TestTrainers" name="test_list_trainers_seeded" time="0.113" /><testcase classname="backend.tests.test_ridewell_backend.TestTrainers" name="test_create_trainer_admin" time="0.340" /><testcase classname="backend.tests.test_ridewell_backend.TestTrainers" name="test_create_trainer_forbidden_for_trainer" time="0.122" /><testcase classname="backend.tests.test_ridewell_backend.TestTrainers" name="test_patch_trainer" time="0.115" /><testcase classname="backend.tests.test_ridewell_backend.TestTrainers" name="test_delete_trainer" time="0.229" /><testcase classname="backend.tests.test_ridewell_backend.TestStudentsAndClasses" name="test_create_student_with_10_class_slots" time="0.414" /><testcase classname="backend.tests.test_ridewell_backend.TestStudentsAndClasses" name="test_list_students_has_classes_completed" time="0.109" /><testcase classname="backend.tests.test_ridewell_backend.TestStudentsAndClasses" name="test_patch_student" time="0.118" /><testcase classname="backend.tests.test_ridewell_backend.TestStudentsAndClasses" name="test_patch_class" time="0.231" /><testcase classname="backend.tests.test_ridewell_backend.TestStudentsAndClasses" name="test_trainer_cannot_delete_student" time="0.117" /><testcase classname="backend.tests.test_ridewell_backend.TestAttendance" name="test_upsert_and_filter" time="0.339" /><testcase classname="backend.tests.test_ridewell_backend.TestPayments" name="test_create_payment_increments_fees" time="0.333" /><testcase classname="backend.tests.test_ridewell_backend.TestDashboardAndReports" name="test_dashboard_stats" time="0.131" /><testcase classname="backend.tests.test_ridewell_backend.TestDashboardAndReports" name="test_daily_report" time="0.108" /><testcase classname="backend.tests.test_ridewell_backend" name="test_zz_cleanup_admin_deletes_student" time="0.454" /></testsuite></testsuites>